[01m[K/home/emir/ros2_ws/src/my_cpp_pkg/src/my_first_node.cpp:[m[K In function â€˜[01m[Kint main(int, char**)[m[Kâ€™:
[01m[K/home/emir/ros2_ws/src/my_cpp_pkg/src/my_first_node.cpp:5:5:[m[K [01;31m[Kerror: [m[Kâ€˜[01m[Krclpp[m[Kâ€™ has not been declared
    5 |     [01;31m[Krclpp[m[K::init(argc,argv);
      |     [01;31m[K^~~~~[m[K
[01m[K/home/emir/ros2_ws/src/my_cpp_pkg/src/my_first_node.cpp:6:34:[m[K [01;31m[Kerror: [m[Kâ€˜[01m[Krclpp[m[Kâ€™ was not declared in this scope; did you mean â€˜[01m[Krclcpp[m[Kâ€™?
    6 |     auto node = std::make_shared<[01;31m[Krclpp[m[K::Node>("cpp_test");
      |                                  [01;31m[K^~~~~[m[K
      |                                  [32m[Krclcpp[m[K
[01m[K/home/emir/ros2_ws/src/my_cpp_pkg/src/my_first_node.cpp:6:22:[m[K [01;31m[Kerror: [m[Kparse error in template argument list
    6 |     auto node = std::[01;31m[Kmake_shared<rclpp::Node>[m[K("cpp_test");
      |                      [01;31m[K^~~~~~~~~~~~~~~~~~~~~~~~[m[K
[01m[K/home/emir/ros2_ws/src/my_cpp_pkg/src/my_first_node.cpp:6:46:[m[K [01;31m[Kerror: [m[Kno matching function for call to â€˜[01m[Kmake_shared<<expression error> >(const char [9])[m[Kâ€™
    6 |     auto node = [01;31m[Kstd::make_shared<rclpp::Node>("cpp_test")[m[K;
      |                 [01;31m[K~~~~~~~~~~~~~~~~~~~~~~~~~~~~~^~~~~~~~~~~~[m[K
In file included from [01m[K/usr/include/c++/11/memory:77[m[K,
                 from [01m[K/opt/ros/humble/include/rclcpp/rclcpp/rclcpp.hpp:153[m[K,
                 from [01m[K/home/emir/ros2_ws/src/my_cpp_pkg/src/my_first_node.cpp:1[m[K:
[01m[K/usr/include/c++/11/bits/shared_ptr.h:875:5:[m[K [01;36m[Knote: [m[Kcandidate: â€˜[01m[Ktemplate<class _Tp, class ... _Args> std::shared_ptr<_Tp> std::make_shared(_Args&& ...)[m[Kâ€™
  875 |     [01;36m[Kmake_shared[m[K(_Args&&... __args)
      |     [01;36m[K^~~~~~~~~~~[m[K
[01m[K/usr/include/c++/11/bits/shared_ptr.h:875:5:[m[K [01;36m[Knote: [m[K  template argument deduction/substitution failed:
[01m[K/home/emir/ros2_ws/src/my_cpp_pkg/src/my_first_node.cpp:6:46:[m[K [01;31m[Kerror: [m[Ktemplate argument 1 is invalid
    6 |     auto node = [01;31m[Kstd::make_shared<rclpp::Node>("cpp_test")[m[K;
      |                 [01;31m[K~~~~~~~~~~~~~~~~~~~~~~~~~~~~~^~~~~~~~~~~~[m[K
[01m[K/home/emir/ros2_ws/src/my_cpp_pkg/src/my_first_node.cpp:7:21:[m[K [01;31m[Kerror: [m[Kexpected unqualified-id before â€˜[01m[K>[m[Kâ€™ token
    7 |     RCLPP_INFO(node.[01;31m[K>[m[Kget_logger(),"HEllo Cpp Node");
      |                     [01;31m[K^[m[K
[01m[K/home/emir/ros2_ws/src/my_cpp_pkg/src/my_first_node.cpp:7:22:[m[K [01;31m[Kerror: [m[Kâ€˜[01m[Kget_logger[m[Kâ€™ was not declared in this scope; did you mean â€˜[01m[Krclcpp::get_logger[m[Kâ€™?
    7 |     RCLPP_INFO(node.>[01;31m[Kget_logger[m[K(),"HEllo Cpp Node");
      |                      [01;31m[K^~~~~~~~~~[m[K
      |                      [32m[Krclcpp::get_logger[m[K
In file included from [01m[K/opt/ros/humble/include/rclcpp/rclcpp/logging.hpp:23[m[K,
                 from [01m[K/opt/ros/humble/include/rclcpp/rclcpp/client.hpp:40[m[K,
                 from [01m[K/opt/ros/humble/include/rclcpp/rclcpp/callback_group.hpp:24[m[K,
                 from [01m[K/opt/ros/humble/include/rclcpp/rclcpp/any_executable.hpp:20[m[K,
                 from [01m[K/opt/ros/humble/include/rclcpp/rclcpp/memory_strategy.hpp:25[m[K,
                 from [01m[K/opt/ros/humble/include/rclcpp/rclcpp/memory_strategies.hpp:18[m[K,
                 from [01m[K/opt/ros/humble/include/rclcpp/rclcpp/executor_options.hpp:20[m[K,
                 from [01m[K/opt/ros/humble/include/rclcpp/rclcpp/executor.hpp:37[m[K,
                 from [01m[K/opt/ros/humble/include/rclcpp/rclcpp/executors/multi_threaded_executor.hpp:25[m[K,
                 from [01m[K/opt/ros/humble/include/rclcpp/rclcpp/executors.hpp:21[m[K,
                 from [01m[K/opt/ros/humble/include/rclcpp/rclcpp/rclcpp.hpp:155[m[K,
                 from [01m[K/home/emir/ros2_ws/src/my_cpp_pkg/src/my_first_node.cpp:1[m[K:
[01m[K/opt/ros/humble/include/rclcpp/rclcpp/logger.hpp:106:17:[m[K [01;36m[Knote: [m[Kâ€˜[01m[Krclcpp::get_logger[m[Kâ€™ declared here
  106 |   friend Logger [01;36m[Krclcpp[m[K::get_logger(const std::string & name);
      |                 [01;36m[K^~~~~~[m[K
[01m[K/home/emir/ros2_ws/src/my_cpp_pkg/src/my_first_node.cpp:7:5:[m[K [01;31m[Kerror: [m[Kâ€˜[01m[KRCLPP_INFO[m[Kâ€™ was not declared in this scope; did you mean â€˜[01m[KRCLCPP_INFO[m[Kâ€™?
    7 |     [01;31m[KRCLPP_INFO[m[K(node.>get_logger(),"HEllo Cpp Node");
      |     [01;31m[K^~~~~~~~~~[m[K
      |     [32m[KRCLCPP_INFO[m[K
[01m[K/home/emir/ros2_ws/src/my_cpp_pkg/src/my_first_node.cpp:8:5:[m[K [01;31m[Kerror: [m[Kâ€˜[01m[Krclpp[m[Kâ€™ is not a class, namespace, or enumeration
    8 |     [01;31m[Krclpp[m[K::spin(node)
      |     [01;31m[K^~~~~[m[K
gmake[2]: *** [CMakeFiles/cpp_node.dir/build.make:76: CMakeFiles/cpp_node.dir/src/my_first_node.cpp.o] Error 1
gmake[1]: *** [CMakeFiles/Makefile2:137: CMakeFiles/cpp_node.dir/all] Error 2
gmake: *** [Makefile:146: all] Error 2
