[0.012s] Invoking command in '/home/emir/ros2_ws/build/my_cpp_pkg': CMAKE_PREFIX_PATH=${CMAKE_PREFIX_PATH}:/home/emir/ros2_ws/install/my_py_pkg:/opt/ros/humble /usr/bin/cmake --build /home/emir/ros2_ws/build/my_cpp_pkg -- -j5 -l5
[0.067s] [35m[1mConsolidate compiler generated dependencies of target cpp_node[0m
[0.085s] [ 50%] [32mBuilding CXX object CMakeFiles/cpp_node.dir/src/my_first_node.cpp.o[0m
[2.630s] [01m[K/home/emir/ros2_ws/src/my_cpp_pkg/src/my_first_node.cpp:[m[K In function â€˜[01m[Kint main(int, char**)[m[Kâ€™:
[2.630s] [01m[K/home/emir/ros2_ws/src/my_cpp_pkg/src/my_first_node.cpp:7:5:[m[K [01;31m[Kerror: [m[Kâ€˜[01m[KRCLPP_INFO[m[Kâ€™ was not declared in this scope; did you mean â€˜[01m[KRCLCPP_INFO[m[Kâ€™?
[2.630s]     7 |     [01;31m[KRCLPP_INFO[m[K(node->get_logger(),"HEllo Cpp Node");
[2.630s]       |     [01;31m[K^~~~~~~~~~[m[K
[2.630s]       |     [32m[KRCLCPP_INFO[m[K
[2.631s] [01m[K/home/emir/ros2_ws/src/my_cpp_pkg/src/my_first_node.cpp:8:23:[m[K [01;31m[Kerror: [m[Kexpected â€˜[01m[K;[m[Kâ€™ before â€˜[01m[Krclcpp[m[Kâ€™
[2.631s]     8 |     rclcpp::spin(node)
[2.632s]       |                       [01;31m[K^[m[K
[2.632s]       |                       [32m[K;[m[K
[2.632s]     9 |     [32m[Krclcpp[m[K::shutdown();
[2.632s]       |     [32m[K~~~~~~[m[K             
[3.193s] gmake[2]: *** [CMakeFiles/cpp_node.dir/build.make:76: CMakeFiles/cpp_node.dir/src/my_first_node.cpp.o] Error 1
[3.194s] gmake[1]: *** [CMakeFiles/Makefile2:137: CMakeFiles/cpp_node.dir/all] Error 2
[3.194s] gmake: *** [Makefile:146: all] Error 2
[3.197s] Invoked command in '/home/emir/ros2_ws/build/my_cpp_pkg' returned '2': CMAKE_PREFIX_PATH=${CMAKE_PREFIX_PATH}:/home/emir/ros2_ws/install/my_py_pkg:/opt/ros/humble /usr/bin/cmake --build /home/emir/ros2_ws/build/my_cpp_pkg -- -j5 -l5
